{"/Users/emilia/Documents/IPT_magisterij/RIRS/moje_vaje/pc_components/pc-components-backend/index.js": {"path":"/Users/emilia/Documents/IPT_magisterij/RIRS/moje_vaje/pc_components/pc-components-backend/index.js","statementMap":{"0":{"start":{"line":1,"column":16},"end":{"line":1,"column":34}},"1":{"start":{"line":2,"column":13},"end":{"line":2,"column":28}},"2":{"start":{"line":3,"column":19},"end":{"line":3,"column":41}},"3":{"start":{"line":4,"column":18},"end":{"line":4,"column":40}},"4":{"start":{"line":5,"column":24},"end":{"line":5,"column":54}},"5":{"start":{"line":7,"column":12},"end":{"line":7,"column":21}},"6":{"start":{"line":10,"column":0},"end":{"line":10,"column":12}},"7":{"start":{"line":13,"column":0},"end":{"line":13,"column":16}},"8":{"start":{"line":14,"column":0},"end":{"line":14,"column":27}},"9":{"start":{"line":15,"column":0},"end":{"line":15,"column":44}},"10":{"start":{"line":18,"column":13},"end":{"line":18,"column":37}},"11":{"start":{"line":19,"column":0},"end":{"line":23,"column":1}},"12":{"start":{"line":20,"column":4},"end":{"line":22,"column":7}},"13":{"start":{"line":21,"column":8},"end":{"line":21,"column":51}},"14":{"start":{"line":26,"column":0},"end":{"line":26,"column":21}}},"fnMap":{"0":{"name":"(anonymous_0)","decl":{"start":{"line":20,"column":21},"end":{"line":20,"column":22}},"loc":{"start":{"line":20,"column":27},"end":{"line":22,"column":5}},"line":20}},"branchMap":{"0":{"loc":{"start":{"line":18,"column":13},"end":{"line":18,"column":37}},"type":"binary-expr","locations":[{"start":{"line":18,"column":13},"end":{"line":18,"column":29}},{"start":{"line":18,"column":33},"end":{"line":18,"column":37}}],"line":18},"1":{"loc":{"start":{"line":19,"column":0},"end":{"line":23,"column":1}},"type":"if","locations":[{"start":{"line":19,"column":0},"end":{"line":23,"column":1}},{"start":{},"end":{}}],"line":19}},"s":{"0":1,"1":1,"2":1,"3":1,"4":1,"5":1,"6":1,"7":1,"8":1,"9":1,"10":1,"11":1,"12":0,"13":0,"14":1},"f":{"0":0},"b":{"0":[1,1],"1":[0,1]},"_coverageSchema":"1a1c01bbd47fc00a2c39e90264f33305004495a9","hash":"10559de80a64caa8263e42f61d0b7bac117709d1"}
,"/Users/emilia/Documents/IPT_magisterij/RIRS/moje_vaje/pc_components/pc-components-backend/config/db.js": {"path":"/Users/emilia/Documents/IPT_magisterij/RIRS/moje_vaje/pc_components/pc-components-backend/config/db.js","statementMap":{"0":{"start":{"line":1,"column":17},"end":{"line":1,"column":36}},"1":{"start":{"line":3,"column":18},"end":{"line":14,"column":1}},"2":{"start":{"line":4,"column":4},"end":{"line":13,"column":5}},"3":{"start":{"line":5,"column":8},"end":{"line":8,"column":11}},"4":{"start":{"line":9,"column":8},"end":{"line":9,"column":54}},"5":{"start":{"line":11,"column":8},"end":{"line":11,"column":67}},"6":{"start":{"line":12,"column":8},"end":{"line":12,"column":24}},"7":{"start":{"line":16,"column":0},"end":{"line":16,"column":27}}},"fnMap":{"0":{"name":"(anonymous_0)","decl":{"start":{"line":3,"column":18},"end":{"line":3,"column":19}},"loc":{"start":{"line":3,"column":30},"end":{"line":14,"column":1}},"line":3}},"branchMap":{},"s":{"0":1,"1":1,"2":1,"3":1,"4":1,"5":0,"6":0,"7":1},"f":{"0":1},"b":{},"_coverageSchema":"1a1c01bbd47fc00a2c39e90264f33305004495a9","hash":"2ae24fccd9cd9983071273ac5d77ac17357d5ef1"}
,"/Users/emilia/Documents/IPT_magisterij/RIRS/moje_vaje/pc_components/pc-components-backend/models/Component.js": {"path":"/Users/emilia/Documents/IPT_magisterij/RIRS/moje_vaje/pc_components/pc-components-backend/models/Component.js","statementMap":{"0":{"start":{"line":1,"column":17},"end":{"line":1,"column":36}},"1":{"start":{"line":3,"column":24},"end":{"line":12,"column":2}},"2":{"start":{"line":14,"column":0},"end":{"line":14,"column":62}}},"fnMap":{},"branchMap":{},"s":{"0":1,"1":1,"2":1},"f":{},"b":{},"_coverageSchema":"1a1c01bbd47fc00a2c39e90264f33305004495a9","hash":"e3d29f5763f30dd59dcbe1605bf08f92126ee705"}
,"/Users/emilia/Documents/IPT_magisterij/RIRS/moje_vaje/pc_components/pc-components-backend/routes/components.js": {"path":"/Users/emilia/Documents/IPT_magisterij/RIRS/moje_vaje/pc_components/pc-components-backend/routes/components.js","statementMap":{"0":{"start":{"line":1,"column":16},"end":{"line":1,"column":34}},"1":{"start":{"line":2,"column":15},"end":{"line":2,"column":31}},"2":{"start":{"line":3,"column":18},"end":{"line":3,"column":48}},"3":{"start":{"line":6,"column":0},"end":{"line":13,"column":3}},"4":{"start":{"line":7,"column":4},"end":{"line":12,"column":5}},"5":{"start":{"line":8,"column":27},"end":{"line":8,"column":49}},"6":{"start":{"line":9,"column":8},"end":{"line":9,"column":41}},"7":{"start":{"line":11,"column":8},"end":{"line":11,"column":93}},"8":{"start":{"line":16,"column":0},"end":{"line":29,"column":3}},"9":{"start":{"line":17,"column":4},"end":{"line":28,"column":5}},"10":{"start":{"line":18,"column":26},"end":{"line":18,"column":65}},"11":{"start":{"line":19,"column":8},"end":{"line":21,"column":9}},"12":{"start":{"line":20,"column":12},"end":{"line":20,"column":76}},"13":{"start":{"line":22,"column":8},"end":{"line":22,"column":40}},"14":{"start":{"line":24,"column":8},"end":{"line":26,"column":9}},"15":{"start":{"line":25,"column":12},"end":{"line":25,"column":84}},"16":{"start":{"line":27,"column":8},"end":{"line":27,"column":92}},"17":{"start":{"line":32,"column":0},"end":{"line":46,"column":3}},"18":{"start":{"line":33,"column":28},"end":{"line":33,"column":36}},"19":{"start":{"line":35,"column":4},"end":{"line":37,"column":5}},"20":{"start":{"line":36,"column":8},"end":{"line":36,"column":76}},"21":{"start":{"line":39,"column":4},"end":{"line":45,"column":5}},"22":{"start":{"line":40,"column":29},"end":{"line":40,"column":59}},"23":{"start":{"line":41,"column":8},"end":{"line":41,"column":34}},"24":{"start":{"line":42,"column":8},"end":{"line":42,"column":43}},"25":{"start":{"line":44,"column":8},"end":{"line":44,"column":90}},"26":{"start":{"line":49,"column":0},"end":{"line":62,"column":3}},"27":{"start":{"line":50,"column":4},"end":{"line":61,"column":5}},"28":{"start":{"line":51,"column":26},"end":{"line":51,"column":74}},"29":{"start":{"line":52,"column":8},"end":{"line":54,"column":9}},"30":{"start":{"line":53,"column":12},"end":{"line":53,"column":76}},"31":{"start":{"line":55,"column":8},"end":{"line":55,"column":76}},"32":{"start":{"line":57,"column":8},"end":{"line":59,"column":9}},"33":{"start":{"line":58,"column":12},"end":{"line":58,"column":84}},"34":{"start":{"line":60,"column":8},"end":{"line":60,"column":92}},"35":{"start":{"line":65,"column":0},"end":{"line":90,"column":3}},"36":{"start":{"line":66,"column":28},"end":{"line":66,"column":36}},"37":{"start":{"line":68,"column":4},"end":{"line":70,"column":5}},"38":{"start":{"line":69,"column":8},"end":{"line":69,"column":76}},"39":{"start":{"line":72,"column":4},"end":{"line":89,"column":5}},"40":{"start":{"line":73,"column":26},"end":{"line":77,"column":9}},"41":{"start":{"line":79,"column":8},"end":{"line":81,"column":9}},"42":{"start":{"line":80,"column":12},"end":{"line":80,"column":76}},"43":{"start":{"line":83,"column":8},"end":{"line":83,"column":40}},"44":{"start":{"line":85,"column":8},"end":{"line":87,"column":9}},"45":{"start":{"line":86,"column":12},"end":{"line":86,"column":84}},"46":{"start":{"line":88,"column":8},"end":{"line":88,"column":92}},"47":{"start":{"line":92,"column":0},"end":{"line":92,"column":24}}},"fnMap":{"0":{"name":"(anonymous_0)","decl":{"start":{"line":6,"column":16},"end":{"line":6,"column":17}},"loc":{"start":{"line":6,"column":36},"end":{"line":13,"column":1}},"line":6},"1":{"name":"(anonymous_1)","decl":{"start":{"line":16,"column":19},"end":{"line":16,"column":20}},"loc":{"start":{"line":16,"column":39},"end":{"line":29,"column":1}},"line":16},"2":{"name":"(anonymous_2)","decl":{"start":{"line":32,"column":17},"end":{"line":32,"column":18}},"loc":{"start":{"line":32,"column":37},"end":{"line":46,"column":1}},"line":32},"3":{"name":"(anonymous_3)","decl":{"start":{"line":49,"column":22},"end":{"line":49,"column":23}},"loc":{"start":{"line":49,"column":42},"end":{"line":62,"column":1}},"line":49},"4":{"name":"(anonymous_4)","decl":{"start":{"line":65,"column":19},"end":{"line":65,"column":20}},"loc":{"start":{"line":65,"column":39},"end":{"line":90,"column":1}},"line":65}},"branchMap":{"0":{"loc":{"start":{"line":19,"column":8},"end":{"line":21,"column":9}},"type":"if","locations":[{"start":{"line":19,"column":8},"end":{"line":21,"column":9}},{"start":{},"end":{}}],"line":19},"1":{"loc":{"start":{"line":24,"column":8},"end":{"line":26,"column":9}},"type":"if","locations":[{"start":{"line":24,"column":8},"end":{"line":26,"column":9}},{"start":{},"end":{}}],"line":24},"2":{"loc":{"start":{"line":35,"column":4},"end":{"line":37,"column":5}},"type":"if","locations":[{"start":{"line":35,"column":4},"end":{"line":37,"column":5}},{"start":{},"end":{}}],"line":35},"3":{"loc":{"start":{"line":35,"column":8},"end":{"line":35,"column":23}},"type":"binary-expr","locations":[{"start":{"line":35,"column":8},"end":{"line":35,"column":13}},{"start":{"line":35,"column":17},"end":{"line":35,"column":23}}],"line":35},"4":{"loc":{"start":{"line":52,"column":8},"end":{"line":54,"column":9}},"type":"if","locations":[{"start":{"line":52,"column":8},"end":{"line":54,"column":9}},{"start":{},"end":{}}],"line":52},"5":{"loc":{"start":{"line":57,"column":8},"end":{"line":59,"column":9}},"type":"if","locations":[{"start":{"line":57,"column":8},"end":{"line":59,"column":9}},{"start":{},"end":{}}],"line":57},"6":{"loc":{"start":{"line":68,"column":4},"end":{"line":70,"column":5}},"type":"if","locations":[{"start":{"line":68,"column":4},"end":{"line":70,"column":5}},{"start":{},"end":{}}],"line":68},"7":{"loc":{"start":{"line":68,"column":8},"end":{"line":68,"column":23}},"type":"binary-expr","locations":[{"start":{"line":68,"column":8},"end":{"line":68,"column":13}},{"start":{"line":68,"column":17},"end":{"line":68,"column":23}}],"line":68},"8":{"loc":{"start":{"line":79,"column":8},"end":{"line":81,"column":9}},"type":"if","locations":[{"start":{"line":79,"column":8},"end":{"line":81,"column":9}},{"start":{},"end":{}}],"line":79},"9":{"loc":{"start":{"line":85,"column":8},"end":{"line":87,"column":9}},"type":"if","locations":[{"start":{"line":85,"column":8},"end":{"line":87,"column":9}},{"start":{},"end":{}}],"line":85}},"s":{"0":1,"1":1,"2":1,"3":1,"4":1,"5":1,"6":1,"7":0,"8":1,"9":2,"10":2,"11":1,"12":0,"13":1,"14":1,"15":1,"16":0,"17":1,"18":2,"19":2,"20":1,"21":1,"22":1,"23":1,"24":1,"25":0,"26":1,"27":2,"28":2,"29":1,"30":0,"31":1,"32":1,"33":1,"34":0,"35":1,"36":3,"37":3,"38":1,"39":2,"40":2,"41":1,"42":0,"43":1,"44":1,"45":1,"46":0,"47":1},"f":{"0":1,"1":2,"2":2,"3":2,"4":3},"b":{"0":[0,1],"1":[1,0],"2":[1,1],"3":[2,2],"4":[0,1],"5":[1,0],"6":[1,2],"7":[3,2],"8":[0,1],"9":[1,0]},"_coverageSchema":"1a1c01bbd47fc00a2c39e90264f33305004495a9","hash":"a152f86ab42453995a76cc03a9184ee51620ab36"}
}
