TN:
SF:index.js
FN:21,(anonymous_0)
FNF:1
FNH:0
FNDA:0,(anonymous_0)
DA:1,1
DA:2,1
DA:3,1
DA:4,1
DA:5,1
DA:7,1
DA:10,1
DA:13,1
DA:14,1
DA:15,1
DA:16,1
DA:19,1
DA:20,1
DA:21,0
DA:22,0
DA:27,1
LF:16
LH:14
BRDA:19,0,0,1
BRDA:19,0,1,1
BRDA:20,1,0,0
BRDA:20,1,1,1
BRF:4
BRH:3
end_of_record
TN:
SF:config/db.js
FN:3,(anonymous_0)
FNF:1
FNH:1
FNDA:1,(anonymous_0)
DA:1,1
DA:3,1
DA:4,1
DA:5,1
DA:9,1
DA:11,0
DA:12,0
DA:16,1
LF:8
LH:6
BRF:0
BRH:0
end_of_record
TN:
SF:models/Component.js
FNF:0
FNH:0
DA:1,1
DA:3,1
DA:9,1
LF:3
LH:3
BRF:0
BRH:0
end_of_record
TN:
SF:routes/components.js
FN:6,(anonymous_0)
FN:16,(anonymous_1)
FN:32,(anonymous_2)
FN:54,(anonymous_3)
FN:70,(anonymous_4)
FNF:5
FNH:5
FNDA:2,(anonymous_0)
FNDA:2,(anonymous_1)
FNDA:3,(anonymous_2)
FNDA:3,(anonymous_3)
FNDA:4,(anonymous_4)
DA:1,1
DA:2,1
DA:3,1
DA:6,1
DA:7,2
DA:8,2
DA:9,2
DA:11,0
DA:16,1
DA:17,2
DA:18,2
DA:19,1
DA:20,0
DA:22,1
DA:24,1
DA:25,1
DA:27,0
DA:32,1
DA:33,3
DA:34,3
DA:35,3
DA:38,3
DA:39,2
DA:42,1
DA:43,1
DA:44,1
DA:46,1
DA:48,0
DA:49,0
DA:54,1
DA:55,3
DA:56,3
DA:57,2
DA:58,1
DA:60,1
DA:62,1
DA:63,1
DA:65,0
DA:70,1
DA:71,4
DA:73,4
DA:74,1
DA:78,3
DA:79,1
DA:82,2
DA:83,2
DA:89,1
DA:90,0
DA:93,1
DA:95,1
DA:96,1
DA:98,0
DA:102,1
LF:53
LH:45
BRDA:19,0,0,0
BRDA:19,0,1,1
BRDA:24,1,0,1
BRDA:24,1,1,0
BRDA:38,2,0,2
BRDA:38,2,1,1
BRDA:38,3,0,3
BRDA:38,3,1,2
BRDA:38,3,2,1
BRDA:57,4,0,1
BRDA:57,4,1,1
BRDA:62,5,0,1
BRDA:62,5,1,0
BRDA:73,6,0,1
BRDA:73,6,1,3
BRDA:73,7,0,4
BRDA:73,7,1,3
BRDA:73,7,2,3
BRDA:78,8,0,1
BRDA:78,8,1,2
BRDA:89,9,0,0
BRDA:89,9,1,1
BRDA:95,10,0,1
BRDA:95,10,1,0
BRF:24
BRH:19
end_of_record
