TN:
SF:index.js
FN:20,(anonymous_0)
FNF:1
FNH:0
FNDA:0,(anonymous_0)
DA:1,1
DA:2,1
DA:3,1
DA:4,1
DA:5,1
DA:7,1
DA:10,1
DA:13,1
DA:14,1
DA:15,1
DA:18,1
DA:19,1
DA:20,0
DA:21,0
DA:26,1
LF:15
LH:13
BRDA:18,0,0,1
BRDA:18,0,1,1
BRDA:19,1,0,0
BRDA:19,1,1,1
BRF:4
BRH:3
end_of_record
TN:
SF:config/db.js
FN:3,(anonymous_0)
FNF:1
FNH:1
FNDA:1,(anonymous_0)
DA:1,1
DA:3,1
DA:4,1
DA:5,1
DA:9,1
DA:11,0
DA:12,0
DA:16,1
LF:8
LH:6
BRF:0
BRH:0
end_of_record
TN:
SF:models/Component.js
FNF:0
FNH:0
DA:1,1
DA:3,1
DA:14,1
LF:3
LH:3
BRF:0
BRH:0
end_of_record
TN:
SF:routes/components.js
FN:6,(anonymous_0)
FN:16,(anonymous_1)
FN:32,(anonymous_2)
FN:49,(anonymous_3)
FN:65,(anonymous_4)
FNF:5
FNH:5
FNDA:1,(anonymous_0)
FNDA:2,(anonymous_1)
FNDA:2,(anonymous_2)
FNDA:2,(anonymous_3)
FNDA:3,(anonymous_4)
DA:1,1
DA:2,1
DA:3,1
DA:6,1
DA:7,1
DA:8,1
DA:9,1
DA:11,0
DA:16,1
DA:17,2
DA:18,2
DA:19,1
DA:20,0
DA:22,1
DA:24,1
DA:25,1
DA:27,0
DA:32,1
DA:33,2
DA:35,2
DA:36,1
DA:39,1
DA:40,1
DA:41,1
DA:42,1
DA:44,0
DA:49,1
DA:50,2
DA:51,2
DA:52,1
DA:53,0
DA:55,1
DA:57,1
DA:58,1
DA:60,0
DA:65,1
DA:66,3
DA:68,3
DA:69,1
DA:72,2
DA:73,2
DA:79,1
DA:80,0
DA:83,1
DA:85,1
DA:86,1
DA:88,0
DA:92,1
LF:48
LH:40
BRDA:19,0,0,0
BRDA:19,0,1,1
BRDA:24,1,0,1
BRDA:24,1,1,0
BRDA:35,2,0,1
BRDA:35,2,1,1
BRDA:35,3,0,2
BRDA:35,3,1,2
BRDA:52,4,0,0
BRDA:52,4,1,1
BRDA:57,5,0,1
BRDA:57,5,1,0
BRDA:68,6,0,1
BRDA:68,6,1,2
BRDA:68,7,0,3
BRDA:68,7,1,2
BRDA:79,8,0,0
BRDA:79,8,1,1
BRDA:85,9,0,1
BRDA:85,9,1,0
BRF:20
BRH:14
end_of_record
